<?xml version="1.0" encoding="UTF-8"?>
<testsuite name="com.saucedemo.bdd.testrunner.RunTests" tests="27" skipped="3" failures="0" errors="0" timestamp="2023-04-10T13:35:01" hostname="EPUAKHAW0C45" time="119.567">
  <properties/>
  <testcase name="Example #1.1" classname="com.saucedemo.bdd.testrunner.RunTests" time="6.172"/>
  <testcase name="Example #1.2" classname="com.saucedemo.bdd.testrunner.RunTests" time="4.292"/>
  <testcase name="Example #1.3" classname="com.saucedemo.bdd.testrunner.RunTests" time="7.318"/>
  <testcase name="Example #1.1" classname="com.saucedemo.bdd.testrunner.RunTests" time="0.0">
    <skipped/>
  </testcase>
  <testcase name="Example #1.2" classname="com.saucedemo.bdd.testrunner.RunTests" time="0.0">
    <skipped/>
  </testcase>
  <testcase name="Example #1.3" classname="com.saucedemo.bdd.testrunner.RunTests" time="0.0">
    <skipped/>
  </testcase>
  <testcase name="Example #1.1" classname="com.saucedemo.bdd.testrunner.RunTests" time="3.629"/>
  <testcase name="Example #1.2" classname="com.saucedemo.bdd.testrunner.RunTests" time="4.022"/>
  <testcase name="Example #1.3" classname="com.saucedemo.bdd.testrunner.RunTests" time="6.052"/>
  <testcase name="Example #1.1" classname="com.saucedemo.bdd.testrunner.RunTests" time="3.244"/>
  <testcase name="Example #1.2" classname="com.saucedemo.bdd.testrunner.RunTests" time="3.809"/>
  <testcase name="Example #1.3" classname="com.saucedemo.bdd.testrunner.RunTests" time="5.871"/>
  <testcase name="Example #1.1" classname="com.saucedemo.bdd.testrunner.RunTests" time="3.97"/>
  <testcase name="Example #1.2" classname="com.saucedemo.bdd.testrunner.RunTests" time="4.225"/>
  <testcase name="Example #1.3" classname="com.saucedemo.bdd.testrunner.RunTests" time="6.632"/>
  <testcase name="Example #1.1" classname="com.saucedemo.bdd.testrunner.RunTests" time="4.095"/>
  <testcase name="Example #1.2" classname="com.saucedemo.bdd.testrunner.RunTests" time="4.17"/>
  <testcase name="Example #1.3" classname="com.saucedemo.bdd.testrunner.RunTests" time="6.838"/>
  <testcase name="Example #1.1" classname="com.saucedemo.bdd.testrunner.RunTests" time="4.214"/>
  <testcase name="Example #1.2" classname="com.saucedemo.bdd.testrunner.RunTests" time="5.017"/>
  <testcase name="Example #1.3" classname="com.saucedemo.bdd.testrunner.RunTests" time="6.801"/>
  <testcase name="Example #1.1" classname="com.saucedemo.bdd.testrunner.RunTests" time="4.012"/>
  <testcase name="Example #1.2" classname="com.saucedemo.bdd.testrunner.RunTests" time="4.418"/>
  <testcase name="Example #1.3" classname="com.saucedemo.bdd.testrunner.RunTests" time="6.268"/>
  <testcase name="Example #1.1" classname="com.saucedemo.bdd.testrunner.RunTests" time="3.864"/>
  <testcase name="Example #1.2" classname="com.saucedemo.bdd.testrunner.RunTests" time="4.282"/>
  <testcase name="Example #1.3" classname="com.saucedemo.bdd.testrunner.RunTests" time="6.341"/>
  <system-out><![CDATA[]]></system-out>
  <system-err><![CDATA[[Test worker] INFO com.codeborne.selenide.impl.WebDriverThreadLocalContainer - No webdriver is bound to current thread: 1 - let's create a new webdriver
[Test worker] INFO com.codeborne.selenide.impl.FileHelper - Creating folder: C:\Users\Anton_Fedorenko2\IdeaProjects\saucedemo-autotests-framework\build\downloads\1681133702041_37320_1
[Test worker] INFO io.github.bonigarcia.wdm.WebDriverManager - Using chromedriver 112.0.5615.49 (resolved driver for Chrome 112)
[Test worker] INFO io.github.bonigarcia.wdm.WebDriverManager - Exporting webdriver.chrome.driver as C:\Users\Anton_Fedorenko2\.cache\selenium\chromedriver\win32\112.0.5615.49\chromedriver.exe
[Test worker] INFO com.codeborne.selenide.webdriver.SelenideNettyClientFactory - Changed readTimeout from PT3M to PT1M30S
Starting ChromeDriver 112.0.5615.49 (bd2a7bcb881c11e8cfe3078709382934e3916914-refs/branch-heads/5615@{#936}) on port 45457
Only local connections are allowed.
Please see https://chromedriver.chromium.org/security-considerations for suggestions on keeping ChromeDriver safe.
ChromeDriver was started successfully.
[Test worker] INFO com.codeborne.selenide.webdriver.SelenideNettyClientFactory - Changed readTimeout from PT3M to PT1M30S
[Test worker] INFO com.codeborne.selenide.webdriver.SelenideNettyClientFactory - Changed readTimeout from PT3M to PT1M30S
Apr 10, 2023 4:35:04 PM org.openqa.selenium.devtools.CdpVersionFinder findNearestMatch
WARNING: Unable to find an exact match for CDP version 112, so returning the closest version found: 110
[Test worker] INFO com.codeborne.selenide.webdriver.WebDriverFactory - BrowserName=chrome Version=112.0.5615.49 Platform=WINDOWS
[Test worker] INFO com.codeborne.selenide.webdriver.WebDriverFactory - Selenide v. 6.12.3
[Test worker] INFO com.codeborne.selenide.webdriver.WebDriverFactory - Selenium WebDriver v. 4.8.1 build revision: 8ebccac989
[Test worker] INFO com.codeborne.selenide.drivercommands.CreateDriverCommand - Created webdriver in thread 1: ChromeDriver -> ChromeDriver: chrome on WINDOWS (6f8a92e433e1df3f2bcd2d1ed679cf40)
[Test worker] INFO com.codeborne.selenide.drivercommands.DisposablesRegistry - Register WebDriverInstance[config=StaticConfig,webDriver=ChromeDriver: chrome on WINDOWS (6f8a92e433e1df3f2bcd2d1ed679cf40),proxy=null,downloadsFolder=C:\Users\Anton_Fedorenko2\IdeaProjects\saucedemo-autotests-framework\build\downloads\1681133702041_37320_1] in 1 [size=1]
[Test worker] INFO com.codeborne.selenide.drivercommands.DisposablesRegistry - Add shutdown hook in 1 [size=1]
[Test worker] INFO com.codeborne.selenide.impl.FileHelper - Deleted empty folder: C:\Users\Anton_Fedorenko2\IdeaProjects\saucedemo-autotests-framework\build\downloads\1681133702041_37320_1
[Test worker] INFO com.codeborne.selenide.drivercommands.CloseDriverCommand - Close webdriver: 1 -> ChromeDriver: chrome on WINDOWS (6f8a92e433e1df3f2bcd2d1ed679cf40)...
[Test worker] INFO com.codeborne.selenide.drivercommands.CloseDriverCommand - Closed webdriver 1 in 692 ms
[Test worker] INFO com.codeborne.selenide.drivercommands.DisposablesRegistry - Unregister WebDriverInstance[config=StaticConfig,webDriver=ChromeDriver: chrome on WINDOWS (null),proxy=null,downloadsFolder=C:\Users\Anton_Fedorenko2\IdeaProjects\saucedemo-autotests-framework\build\downloads\1681133702041_37320_1] in 1 [size=0]
[Test worker] INFO com.codeborne.selenide.impl.WebDriverThreadLocalContainer - No webdriver is bound to current thread: 1 - let's create a new webdriver
[Test worker] INFO com.codeborne.selenide.impl.FileHelper - Creating folder: C:\Users\Anton_Fedorenko2\IdeaProjects\saucedemo-autotests-framework\build\downloads\1681133708035_37320_1
[Test worker] INFO io.github.bonigarcia.wdm.WebDriverManager - Using msedgedriver 112.0.1722.34 (resolved driver for Edge 112)
[Test worker] INFO io.github.bonigarcia.wdm.WebDriverManager - Exporting webdriver.edge.driver as C:\Users\Anton_Fedorenko2\.cache\selenium\msedgedriver\win64\112.0.1722.34\msedgedriver.exe
[Test worker] INFO com.codeborne.selenide.webdriver.SelenideNettyClientFactory - Changed readTimeout from PT3M to PT1M30S
Starting Microsoft Edge WebDriver 112.0.1722.34 (649b7446f96f116d8dc7d1c2d92d06583649e244) on port 24325
To submit feedback, report a bug, or suggest new features, please visit https://github.com/MicrosoftEdge/EdgeWebDriver

Only local connections are allowed.
Please see https://aka.ms/WebDriverSecurity for suggestions on keeping Microsoft Edge WebDriver safe.

Microsoft Edge WebDriver was started successfully.
[Test worker] INFO com.codeborne.selenide.webdriver.SelenideNettyClientFactory - Changed readTimeout from PT3M to PT1M30S
[Test worker] INFO com.codeborne.selenide.webdriver.SelenideNettyClientFactory - Changed readTimeout from PT3M to PT1M30S
Apr 10, 2023 4:35:09 PM org.openqa.selenium.devtools.CdpVersionFinder findNearestMatch
WARNING: Unable to find an exact match for CDP version 112, so returning the closest version found: 110
[Test worker] INFO com.codeborne.selenide.webdriver.WebDriverFactory - BrowserName=msedge Version=112.0.1722.34 Platform=WINDOWS
[Test worker] INFO com.codeborne.selenide.webdriver.WebDriverFactory - Selenide v. 6.12.3
[Test worker] INFO com.codeborne.selenide.webdriver.WebDriverFactory - Selenium WebDriver v. 4.8.1 build revision: 8ebccac989
[Test worker] INFO com.codeborne.selenide.drivercommands.CreateDriverCommand - Created webdriver in thread 1: EdgeDriver -> EdgeDriver: msedge on WINDOWS (09571634b80b826c683371c75b826bdc)
[Test worker] INFO com.codeborne.selenide.drivercommands.DisposablesRegistry - Register WebDriverInstance[config=StaticConfig,webDriver=EdgeDriver: msedge on WINDOWS (09571634b80b826c683371c75b826bdc),proxy=null,downloadsFolder=C:\Users\Anton_Fedorenko2\IdeaProjects\saucedemo-autotests-framework\build\downloads\1681133708035_37320_1] in 1 [size=1]
[Test worker] INFO com.codeborne.selenide.impl.FileHelper - Deleted empty folder: C:\Users\Anton_Fedorenko2\IdeaProjects\saucedemo-autotests-framework\build\downloads\1681133708035_37320_1
[Test worker] INFO com.codeborne.selenide.drivercommands.CloseDriverCommand - Close webdriver: 1 -> EdgeDriver: msedge on WINDOWS (09571634b80b826c683371c75b826bdc)...
[Test worker] INFO com.codeborne.selenide.drivercommands.CloseDriverCommand - Closed webdriver 1 in 738 ms
[Test worker] INFO com.codeborne.selenide.drivercommands.DisposablesRegistry - Unregister WebDriverInstance[config=StaticConfig,webDriver=EdgeDriver: msedge on WINDOWS (null),proxy=null,downloadsFolder=C:\Users\Anton_Fedorenko2\IdeaProjects\saucedemo-autotests-framework\build\downloads\1681133708035_37320_1] in 1 [size=0]
[Test worker] INFO com.codeborne.selenide.impl.WebDriverThreadLocalContainer - No webdriver is bound to current thread: 1 - let's create a new webdriver
[Test worker] INFO com.codeborne.selenide.impl.FileHelper - Creating folder: C:\Users\Anton_Fedorenko2\IdeaProjects\saucedemo-autotests-framework\build\downloads\1681133712325_37320_1
[Test worker] INFO io.github.bonigarcia.wdm.WebDriverManager - Using geckodriver 0.32.0 (resolved driver for Firefox 109)
[Test worker] INFO io.github.bonigarcia.wdm.WebDriverManager - Exporting webdriver.gecko.driver as C:\Users\Anton_Fedorenko2\.cache\selenium\geckodriver\win64\0.32.0-win\geckodriver.exe
[Test worker] INFO com.codeborne.selenide.webdriver.SelenideNettyClientFactory - Changed readTimeout from PT3M to PT1M30S
1681133712412	geckodriver	INFO	Listening on 127.0.0.1:17719
1681133712450	mozrunner::runner	INFO	Running command: "C:\\Program Files\\Mozilla Firefox\\firefox.exe" "--marionette" "--remote-debugging-port" "6202" "--remote-allow-hosts" "localhost" "--remote-allow-origins" "http://127.0.0.1:6202/,http://localhost:6202/,http://[::1]:6202/" "-no-remote" "-profile" "C:\\Users\\ANTON_~1\\AppData\\Local\\Temp\\rust_mozprofile6IAC3b"
1681133712886	Marionette	INFO	Marionette enabled
Dynamically enable window occlusion 0
1681133712892	Marionette	INFO	Listening on port 52939
Read port: 52939
WebDriver BiDi listening on ws://127.0.0.1:6202
1681133713043	RemoteAgent	WARN	TLS certificate errors will be ignored for this session
console.warn: SearchSettings: "get: No settings file exists, new profile?" (new NotFoundError("Could not open the file at C:\\Users\\ANTON_~1\\AppData\\Local\\Temp\\rust_mozprofile6IAC3b\\search.json.mozlz4", (void 0)))
DevTools listening on ws://127.0.0.1:6202/devtools/browser/eaf87b15-d16e-4196-930d-8a42bea14fb8
[Test worker] INFO com.codeborne.selenide.webdriver.SelenideNettyClientFactory - Changed readTimeout from PT3M to PT1M30S
[Test worker] INFO com.codeborne.selenide.webdriver.BrowserResizer - Set browser size to 1920x1080
[Test worker] INFO com.codeborne.selenide.webdriver.WebDriverFactory - BrowserName=firefox Version=109.0 Platform=WINDOWS
[Test worker] INFO com.codeborne.selenide.webdriver.WebDriverFactory - Selenide v. 6.12.3
[Test worker] INFO com.codeborne.selenide.webdriver.WebDriverFactory - Selenium WebDriver v. 4.8.1 build revision: 8ebccac989
[Test worker] INFO com.codeborne.selenide.drivercommands.CreateDriverCommand - Created webdriver in thread 1: FirefoxDriver -> FirefoxDriver: firefox on WINDOWS (ebaf98ba-70a7-410a-b1fb-d5fdbc2b1e25)
[Test worker] INFO com.codeborne.selenide.drivercommands.DisposablesRegistry - Register WebDriverInstance[config=StaticConfig,webDriver=FirefoxDriver: firefox on WINDOWS (ebaf98ba-70a7-410a-b1fb-d5fdbc2b1e25),proxy=null,downloadsFolder=C:\Users\Anton_Fedorenko2\IdeaProjects\saucedemo-autotests-framework\build\downloads\1681133712325_37320_1] in 1 [size=1]
console.warn: LoginRecipes: "Falling back to a synchronous message for: https://www.saucedemo.com."
console.warn: LoginRecipes: "Falling back to a synchronous message for: https://www.saucedemo.com."
[Test worker] INFO com.codeborne.selenide.impl.FileHelper - Deleted empty folder: C:\Users\Anton_Fedorenko2\IdeaProjects\saucedemo-autotests-framework\build\downloads\1681133712325_37320_1
[Test worker] INFO com.codeborne.selenide.drivercommands.CloseDriverCommand - Close webdriver: 1 -> FirefoxDriver: firefox on WINDOWS (ebaf98ba-70a7-410a-b1fb-d5fdbc2b1e25)...
[Test worker] INFO com.codeborne.selenide.webdriver.SelenideNettyClientFactory - Changed readTimeout from PT3M to PT1M30S
1681133718545	RemoteAgent	INFO	Perform WebSocket upgrade for incoming connection from 127.0.0.1:52968
1681133718547	CDP	ERROR	Invalid browser preferences for CDP. Set "fission.webContentIsolationStrategy"to 0 and "fission.bfcacheInParent" to false before Firefox starts.
1681133718552	Marionette	INFO	Stopped listening on port 52939
Dynamically enable window occlusion 1
[Test worker] INFO com.codeborne.selenide.drivercommands.CloseDriverCommand - Closed webdriver 1 in 1101 ms
[Test worker] INFO com.codeborne.selenide.drivercommands.DisposablesRegistry - Unregister WebDriverInstance[config=StaticConfig,webDriver=FirefoxDriver: firefox on WINDOWS (null),proxy=null,downloadsFolder=C:\Users\Anton_Fedorenko2\IdeaProjects\saucedemo-autotests-framework\build\downloads\1681133712325_37320_1] in 1 [size=0]
[Test worker] INFO com.codeborne.selenide.impl.WebDriverThreadLocalContainer - No webdriver is bound to current thread: 1 - let's create a new webdriver
[Test worker] INFO com.codeborne.selenide.impl.FileHelper - Creating folder: C:\Users\Anton_Fedorenko2\IdeaProjects\saucedemo-autotests-framework\build\downloads\1681133719651_37320_1
[Test worker] INFO com.codeborne.selenide.webdriver.SelenideNettyClientFactory - Changed readTimeout from PT3M to PT1M30S
Starting ChromeDriver 112.0.5615.49 (bd2a7bcb881c11e8cfe3078709382934e3916914-refs/branch-heads/5615@{#936}) on port 37868
Only local connections are allowed.
Please see https://chromedriver.chromium.org/security-considerations for suggestions on keeping ChromeDriver safe.
ChromeDriver was started successfully.
[Test worker] INFO com.codeborne.selenide.webdriver.SelenideNettyClientFactory - Changed readTimeout from PT3M to PT1M30S
[Test worker] INFO com.codeborne.selenide.webdriver.SelenideNettyClientFactory - Changed readTimeout from PT3M to PT1M30S
Apr 10, 2023 4:35:20 PM org.openqa.selenium.devtools.CdpVersionFinder findNearestMatch
WARNING: Unable to find an exact match for CDP version 112, so returning the closest version found: 110
[Test worker] INFO com.codeborne.selenide.webdriver.WebDriverFactory - BrowserName=chrome Version=112.0.5615.49 Platform=WINDOWS
[Test worker] INFO com.codeborne.selenide.webdriver.WebDriverFactory - Selenide v. 6.12.3
[Test worker] INFO com.codeborne.selenide.webdriver.WebDriverFactory - Selenium WebDriver v. 4.8.1 build revision: 8ebccac989
[Test worker] INFO com.codeborne.selenide.drivercommands.CreateDriverCommand - Created webdriver in thread 1: ChromeDriver -> ChromeDriver: chrome on WINDOWS (87e0c48e9421100e8b1d7d787fce6dac)
[Test worker] INFO com.codeborne.selenide.drivercommands.DisposablesRegistry - Register WebDriverInstance[config=StaticConfig,webDriver=ChromeDriver: chrome on WINDOWS (87e0c48e9421100e8b1d7d787fce6dac),proxy=null,downloadsFolder=C:\Users\Anton_Fedorenko2\IdeaProjects\saucedemo-autotests-framework\build\downloads\1681133719651_37320_1] in 1 [size=1]
[Test worker] INFO com.codeborne.selenide.impl.FileHelper - Deleted empty folder: C:\Users\Anton_Fedorenko2\IdeaProjects\saucedemo-autotests-framework\build\downloads\1681133719651_37320_1
[Test worker] INFO com.codeborne.selenide.drivercommands.CloseDriverCommand - Close webdriver: 1 -> ChromeDriver: chrome on WINDOWS (87e0c48e9421100e8b1d7d787fce6dac)...
[Test worker] INFO com.codeborne.selenide.drivercommands.CloseDriverCommand - Closed webdriver 1 in 657 ms
[Test worker] INFO com.codeborne.selenide.drivercommands.DisposablesRegistry - Unregister WebDriverInstance[config=StaticConfig,webDriver=ChromeDriver: chrome on WINDOWS (null),proxy=null,downloadsFolder=C:\Users\Anton_Fedorenko2\IdeaProjects\saucedemo-autotests-framework\build\downloads\1681133719651_37320_1] in 1 [size=0]
[Test worker] INFO com.codeborne.selenide.impl.WebDriverThreadLocalContainer - No webdriver is bound to current thread: 1 - let's create a new webdriver
[Test worker] INFO com.codeborne.selenide.impl.FileHelper - Creating folder: C:\Users\Anton_Fedorenko2\IdeaProjects\saucedemo-autotests-framework\build\downloads\1681133723279_37320_1
[Test worker] INFO com.codeborne.selenide.webdriver.SelenideNettyClientFactory - Changed readTimeout from PT3M to PT1M30S
Starting Microsoft Edge WebDriver 112.0.1722.34 (649b7446f96f116d8dc7d1c2d92d06583649e244) on port 34153
To submit feedback, report a bug, or suggest new features, please visit https://github.com/MicrosoftEdge/EdgeWebDriver

Only local connections are allowed.
Please see https://aka.ms/WebDriverSecurity for suggestions on keeping Microsoft Edge WebDriver safe.

Microsoft Edge WebDriver was started successfully.
[Test worker] INFO com.codeborne.selenide.webdriver.SelenideNettyClientFactory - Changed readTimeout from PT3M to PT1M30S
[Test worker] INFO com.codeborne.selenide.webdriver.SelenideNettyClientFactory - Changed readTimeout from PT3M to PT1M30S
Apr 10, 2023 4:35:24 PM org.openqa.selenium.devtools.CdpVersionFinder findNearestMatch
WARNING: Unable to find an exact match for CDP version 112, so returning the closest version found: 110
[Test worker] INFO com.codeborne.selenide.webdriver.WebDriverFactory - BrowserName=msedge Version=112.0.1722.34 Platform=WINDOWS
[Test worker] INFO com.codeborne.selenide.webdriver.WebDriverFactory - Selenide v. 6.12.3
[Test worker] INFO com.codeborne.selenide.webdriver.WebDriverFactory - Selenium WebDriver v. 4.8.1 build revision: 8ebccac989
[Test worker] INFO com.codeborne.selenide.drivercommands.CreateDriverCommand - Created webdriver in thread 1: EdgeDriver -> EdgeDriver: msedge on WINDOWS (790b8009f85c242c82a089c7f133ea01)
[Test worker] INFO com.codeborne.selenide.drivercommands.DisposablesRegistry - Register WebDriverInstance[config=StaticConfig,webDriver=EdgeDriver: msedge on WINDOWS (790b8009f85c242c82a089c7f133ea01),proxy=null,downloadsFolder=C:\Users\Anton_Fedorenko2\IdeaProjects\saucedemo-autotests-framework\build\downloads\1681133723279_37320_1] in 1 [size=1]
[Test worker] INFO com.codeborne.selenide.impl.FileHelper - Deleted empty folder: C:\Users\Anton_Fedorenko2\IdeaProjects\saucedemo-autotests-framework\build\downloads\1681133723279_37320_1
[Test worker] INFO com.codeborne.selenide.drivercommands.CloseDriverCommand - Close webdriver: 1 -> EdgeDriver: msedge on WINDOWS (790b8009f85c242c82a089c7f133ea01)...
[Test worker] INFO com.codeborne.selenide.drivercommands.CloseDriverCommand - Closed webdriver 1 in 728 ms
[Test worker] INFO com.codeborne.selenide.drivercommands.DisposablesRegistry - Unregister WebDriverInstance[config=StaticConfig,webDriver=EdgeDriver: msedge on WINDOWS (null),proxy=null,downloadsFolder=C:\Users\Anton_Fedorenko2\IdeaProjects\saucedemo-autotests-framework\build\downloads\1681133723279_37320_1] in 1 [size=0]
[Test worker] INFO com.codeborne.selenide.impl.WebDriverThreadLocalContainer - No webdriver is bound to current thread: 1 - let's create a new webdriver
[Test worker] INFO com.codeborne.selenide.impl.FileHelper - Creating folder: C:\Users\Anton_Fedorenko2\IdeaProjects\saucedemo-autotests-framework\build\downloads\1681133727301_37320_1
[Test worker] INFO com.codeborne.selenide.webdriver.SelenideNettyClientFactory - Changed readTimeout from PT3M to PT1M30S
1681133727355	geckodriver	INFO	Listening on 127.0.0.1:21287
1681133727379	mozrunner::runner	INFO	Running command: "C:\\Program Files\\Mozilla Firefox\\firefox.exe" "--marionette" "--remote-debugging-port" "31574" "--remote-allow-hosts" "localhost" "--remote-allow-origins" "http://127.0.0.1:31574/,http://localhost:31574/,http://[::1]:31574/" "-no-remote" "-profile" "C:\\Users\\ANTON_~1\\AppData\\Local\\Temp\\rust_mozprofile7h9UJF"
1681133727743	Marionette	INFO	Marionette enabled
Dynamically enable window occlusion 0
1681133727748	Marionette	INFO	Listening on port 53026
Read port: 53026
WebDriver BiDi listening on ws://127.0.0.1:31574
1681133727908	RemoteAgent	WARN	TLS certificate errors will be ignored for this session
console.warn: SearchSettings: "get: No settings file exists, new profile?" (new NotFoundError("Could not open the file at C:\\Users\\ANTON_~1\\AppData\\Local\\Temp\\rust_mozprofile7h9UJF\\search.json.mozlz4", (void 0)))
DevTools listening on ws://127.0.0.1:31574/devtools/browser/54b3a95f-9686-47c7-9dc1-6d4c3b97eaa6
[Test worker] INFO com.codeborne.selenide.webdriver.SelenideNettyClientFactory - Changed readTimeout from PT3M to PT1M30S
[Test worker] INFO com.codeborne.selenide.webdriver.BrowserResizer - Set browser size to 1920x1080
[Test worker] INFO com.codeborne.selenide.webdriver.WebDriverFactory - BrowserName=firefox Version=109.0 Platform=WINDOWS
[Test worker] INFO com.codeborne.selenide.webdriver.WebDriverFactory - Selenide v. 6.12.3
[Test worker] INFO com.codeborne.selenide.webdriver.WebDriverFactory - Selenium WebDriver v. 4.8.1 build revision: 8ebccac989
[Test worker] INFO com.codeborne.selenide.drivercommands.CreateDriverCommand - Created webdriver in thread 1: FirefoxDriver -> FirefoxDriver: firefox on WINDOWS (2187009d-8f3c-4411-8f5e-0cafbc2bc427)
[Test worker] INFO com.codeborne.selenide.drivercommands.DisposablesRegistry - Register WebDriverInstance[config=StaticConfig,webDriver=FirefoxDriver: firefox on WINDOWS (2187009d-8f3c-4411-8f5e-0cafbc2bc427),proxy=null,downloadsFolder=C:\Users\Anton_Fedorenko2\IdeaProjects\saucedemo-autotests-framework\build\downloads\1681133727301_37320_1] in 1 [size=1]
console.warn: LoginRecipes: "Falling back to a synchronous message for: https://www.saucedemo.com."
[Test worker] INFO com.codeborne.selenide.impl.FileHelper - Deleted empty folder: C:\Users\Anton_Fedorenko2\IdeaProjects\saucedemo-autotests-framework\build\downloads\1681133727301_37320_1
[Test worker] INFO com.codeborne.selenide.drivercommands.CloseDriverCommand - Close webdriver: 1 -> FirefoxDriver: firefox on WINDOWS (2187009d-8f3c-4411-8f5e-0cafbc2bc427)...
[Test worker] INFO com.codeborne.selenide.webdriver.SelenideNettyClientFactory - Changed readTimeout from PT3M to PT1M30S
1681133732511	RemoteAgent	INFO	Perform WebSocket upgrade for incoming connection from 127.0.0.1:53055
1681133732515	CDP	ERROR	Invalid browser preferences for CDP. Set "fission.webContentIsolationStrategy"to 0 and "fission.bfcacheInParent" to false before Firefox starts.
1681133732519	Marionette	INFO	Stopped listening on port 53026
Dynamically enable window occlusion 1
[Test worker] INFO com.codeborne.selenide.drivercommands.CloseDriverCommand - Closed webdriver 1 in 846 ms
[Test worker] INFO com.codeborne.selenide.drivercommands.DisposablesRegistry - Unregister WebDriverInstance[config=StaticConfig,webDriver=FirefoxDriver: firefox on WINDOWS (null),proxy=null,downloadsFolder=C:\Users\Anton_Fedorenko2\IdeaProjects\saucedemo-autotests-framework\build\downloads\1681133727301_37320_1] in 1 [size=0]
[Test worker] INFO com.codeborne.selenide.impl.WebDriverThreadLocalContainer - No webdriver is bound to current thread: 1 - let's create a new webdriver
[Test worker] INFO com.codeborne.selenide.impl.FileHelper - Creating folder: C:\Users\Anton_Fedorenko2\IdeaProjects\saucedemo-autotests-framework\build\downloads\1681133733355_37320_1
[Test worker] INFO com.codeborne.selenide.webdriver.SelenideNettyClientFactory - Changed readTimeout from PT3M to PT1M30S
Starting ChromeDriver 112.0.5615.49 (bd2a7bcb881c11e8cfe3078709382934e3916914-refs/branch-heads/5615@{#936}) on port 40314
Only local connections are allowed.
Please see https://chromedriver.chromium.org/security-considerations for suggestions on keeping ChromeDriver safe.
ChromeDriver was started successfully.
[Test worker] INFO com.codeborne.selenide.webdriver.SelenideNettyClientFactory - Changed readTimeout from PT3M to PT1M30S
[Test worker] INFO com.codeborne.selenide.webdriver.SelenideNettyClientFactory - Changed readTimeout from PT3M to PT1M30S
Apr 10, 2023 4:35:34 PM org.openqa.selenium.devtools.CdpVersionFinder findNearestMatch
WARNING: Unable to find an exact match for CDP version 112, so returning the closest version found: 110
[Test worker] INFO com.codeborne.selenide.webdriver.WebDriverFactory - BrowserName=chrome Version=112.0.5615.49 Platform=WINDOWS
[Test worker] INFO com.codeborne.selenide.webdriver.WebDriverFactory - Selenide v. 6.12.3
[Test worker] INFO com.codeborne.selenide.webdriver.WebDriverFactory - Selenium WebDriver v. 4.8.1 build revision: 8ebccac989
[Test worker] INFO com.codeborne.selenide.drivercommands.CreateDriverCommand - Created webdriver in thread 1: ChromeDriver -> ChromeDriver: chrome on WINDOWS (9aacb9b4f54c02235fbfa5f711b6adc9)
[Test worker] INFO com.codeborne.selenide.drivercommands.DisposablesRegistry - Register WebDriverInstance[config=StaticConfig,webDriver=ChromeDriver: chrome on WINDOWS (9aacb9b4f54c02235fbfa5f711b6adc9),proxy=null,downloadsFolder=C:\Users\Anton_Fedorenko2\IdeaProjects\saucedemo-autotests-framework\build\downloads\1681133733355_37320_1] in 1 [size=1]
[Test worker] INFO com.codeborne.selenide.impl.FileHelper - Deleted empty folder: C:\Users\Anton_Fedorenko2\IdeaProjects\saucedemo-autotests-framework\build\downloads\1681133733355_37320_1
[Test worker] INFO com.codeborne.selenide.drivercommands.CloseDriverCommand - Close webdriver: 1 -> ChromeDriver: chrome on WINDOWS (9aacb9b4f54c02235fbfa5f711b6adc9)...
[Test worker] INFO com.codeborne.selenide.drivercommands.CloseDriverCommand - Closed webdriver 1 in 694 ms
[Test worker] INFO com.codeborne.selenide.drivercommands.DisposablesRegistry - Unregister WebDriverInstance[config=StaticConfig,webDriver=ChromeDriver: chrome on WINDOWS (null),proxy=null,downloadsFolder=C:\Users\Anton_Fedorenko2\IdeaProjects\saucedemo-autotests-framework\build\downloads\1681133733355_37320_1] in 1 [size=0]
[Test worker] INFO com.codeborne.selenide.impl.WebDriverThreadLocalContainer - No webdriver is bound to current thread: 1 - let's create a new webdriver
[Test worker] INFO com.codeborne.selenide.impl.FileHelper - Creating folder: C:\Users\Anton_Fedorenko2\IdeaProjects\saucedemo-autotests-framework\build\downloads\1681133736597_37320_1
[Test worker] INFO com.codeborne.selenide.webdriver.SelenideNettyClientFactory - Changed readTimeout from PT3M to PT1M30S
Starting Microsoft Edge WebDriver 112.0.1722.34 (649b7446f96f116d8dc7d1c2d92d06583649e244) on port 21911
To submit feedback, report a bug, or suggest new features, please visit https://github.com/MicrosoftEdge/EdgeWebDriver

Only local connections are allowed.
Please see https://aka.ms/WebDriverSecurity for suggestions on keeping Microsoft Edge WebDriver safe.

Microsoft Edge WebDriver was started successfully.
[Test worker] INFO com.codeborne.selenide.webdriver.SelenideNettyClientFactory - Changed readTimeout from PT3M to PT1M30S
[Test worker] INFO com.codeborne.selenide.webdriver.SelenideNettyClientFactory - Changed readTimeout from PT3M to PT1M30S
Apr 10, 2023 4:35:37 PM org.openqa.selenium.devtools.CdpVersionFinder findNearestMatch
WARNING: Unable to find an exact match for CDP version 112, so returning the closest version found: 110
[Test worker] INFO com.codeborne.selenide.webdriver.WebDriverFactory - BrowserName=msedge Version=112.0.1722.34 Platform=WINDOWS
[Test worker] INFO com.codeborne.selenide.webdriver.WebDriverFactory - Selenide v. 6.12.3
[Test worker] INFO com.codeborne.selenide.webdriver.WebDriverFactory - Selenium WebDriver v. 4.8.1 build revision: 8ebccac989
[Test worker] INFO com.codeborne.selenide.drivercommands.CreateDriverCommand - Created webdriver in thread 1: EdgeDriver -> EdgeDriver: msedge on WINDOWS (880b2cd55468e546b2da899e806f6958)
[Test worker] INFO com.codeborne.selenide.drivercommands.DisposablesRegistry - Register WebDriverInstance[config=StaticConfig,webDriver=EdgeDriver: msedge on WINDOWS (880b2cd55468e546b2da899e806f6958),proxy=null,downloadsFolder=C:\Users\Anton_Fedorenko2\IdeaProjects\saucedemo-autotests-framework\build\downloads\1681133736597_37320_1] in 1 [size=1]
[Test worker] INFO com.codeborne.selenide.impl.FileHelper - Deleted empty folder: C:\Users\Anton_Fedorenko2\IdeaProjects\saucedemo-autotests-framework\build\downloads\1681133736597_37320_1
[Test worker] INFO com.codeborne.selenide.drivercommands.CloseDriverCommand - Close webdriver: 1 -> EdgeDriver: msedge on WINDOWS (880b2cd55468e546b2da899e806f6958)...
[Test worker] INFO com.codeborne.selenide.drivercommands.CloseDriverCommand - Closed webdriver 1 in 718 ms
[Test worker] INFO com.codeborne.selenide.drivercommands.DisposablesRegistry - Unregister WebDriverInstance[config=StaticConfig,webDriver=EdgeDriver: msedge on WINDOWS (null),proxy=null,downloadsFolder=C:\Users\Anton_Fedorenko2\IdeaProjects\saucedemo-autotests-framework\build\downloads\1681133736597_37320_1] in 1 [size=0]
[Test worker] INFO com.codeborne.selenide.impl.WebDriverThreadLocalContainer - No webdriver is bound to current thread: 1 - let's create a new webdriver
[Test worker] INFO com.codeborne.selenide.impl.FileHelper - Creating folder: C:\Users\Anton_Fedorenko2\IdeaProjects\saucedemo-autotests-framework\build\downloads\1681133740408_37320_1
[Test worker] INFO com.codeborne.selenide.webdriver.SelenideNettyClientFactory - Changed readTimeout from PT3M to PT1M30S
1681133740467	geckodriver	INFO	Listening on 127.0.0.1:41850
1681133740489	mozrunner::runner	INFO	Running command: "C:\\Program Files\\Mozilla Firefox\\firefox.exe" "--marionette" "--remote-debugging-port" "24398" "--remote-allow-hosts" "localhost" "--remote-allow-origins" "http://127.0.0.1:24398/,http://localhost:24398/,http://[::1]:24398/" "-no-remote" "-profile" "C:\\Users\\ANTON_~1\\AppData\\Local\\Temp\\rust_mozprofileJfDwSA"
1681133740942	Marionette	INFO	Marionette enabled
Dynamically enable window occlusion 0
1681133740950	Marionette	INFO	Listening on port 53111
Read port: 53111
WebDriver BiDi listening on ws://127.0.0.1:24398
1681133741171	RemoteAgent	WARN	TLS certificate errors will be ignored for this session
console.warn: SearchSettings: "get: No settings file exists, new profile?" (new NotFoundError("Could not open the file at C:\\Users\\ANTON_~1\\AppData\\Local\\Temp\\rust_mozprofileJfDwSA\\search.json.mozlz4", (void 0)))
DevTools listening on ws://127.0.0.1:24398/devtools/browser/49834944-5a9c-413a-be14-622df5776693
[Test worker] INFO com.codeborne.selenide.webdriver.SelenideNettyClientFactory - Changed readTimeout from PT3M to PT1M30S
[Test worker] INFO com.codeborne.selenide.webdriver.BrowserResizer - Set browser size to 1920x1080
[Test worker] INFO com.codeborne.selenide.webdriver.WebDriverFactory - BrowserName=firefox Version=109.0 Platform=WINDOWS
[Test worker] INFO com.codeborne.selenide.webdriver.WebDriverFactory - Selenide v. 6.12.3
[Test worker] INFO com.codeborne.selenide.webdriver.WebDriverFactory - Selenium WebDriver v. 4.8.1 build revision: 8ebccac989
[Test worker] INFO com.codeborne.selenide.drivercommands.CreateDriverCommand - Created webdriver in thread 1: FirefoxDriver -> FirefoxDriver: firefox on WINDOWS (30bae712-7408-4fc4-8faf-d2820def83ff)
[Test worker] INFO com.codeborne.selenide.drivercommands.DisposablesRegistry - Register WebDriverInstance[config=StaticConfig,webDriver=FirefoxDriver: firefox on WINDOWS (30bae712-7408-4fc4-8faf-d2820def83ff),proxy=null,downloadsFolder=C:\Users\Anton_Fedorenko2\IdeaProjects\saucedemo-autotests-framework\build\downloads\1681133740408_37320_1] in 1 [size=1]
console.warn: LoginRecipes: "Falling back to a synchronous message for: https://www.saucedemo.com."
[Test worker] INFO com.codeborne.selenide.impl.FileHelper - Deleted empty folder: C:\Users\Anton_Fedorenko2\IdeaProjects\saucedemo-autotests-framework\build\downloads\1681133740408_37320_1
[Test worker] INFO com.codeborne.selenide.drivercommands.CloseDriverCommand - Close webdriver: 1 -> FirefoxDriver: firefox on WINDOWS (30bae712-7408-4fc4-8faf-d2820def83ff)...
[Test worker] INFO com.codeborne.selenide.webdriver.SelenideNettyClientFactory - Changed readTimeout from PT3M to PT1M30S
1681133745435	RemoteAgent	INFO	Perform WebSocket upgrade for incoming connection from 127.0.0.1:53138
1681133745438	CDP	ERROR	Invalid browser preferences for CDP. Set "fission.webContentIsolationStrategy"to 0 and "fission.bfcacheInParent" to false before Firefox starts.
1681133745442	Marionette	INFO	Stopped listening on port 53111
Dynamically enable window occlusion 1
[Test worker] INFO com.codeborne.selenide.drivercommands.CloseDriverCommand - Closed webdriver 1 in 847 ms
[Test worker] INFO com.codeborne.selenide.drivercommands.DisposablesRegistry - Unregister WebDriverInstance[config=StaticConfig,webDriver=FirefoxDriver: firefox on WINDOWS (null),proxy=null,downloadsFolder=C:\Users\Anton_Fedorenko2\IdeaProjects\saucedemo-autotests-framework\build\downloads\1681133740408_37320_1] in 1 [size=0]
[Test worker] INFO com.codeborne.selenide.impl.WebDriverThreadLocalContainer - No webdriver is bound to current thread: 1 - let's create a new webdriver
[Test worker] INFO com.codeborne.selenide.impl.FileHelper - Creating folder: C:\Users\Anton_Fedorenko2\IdeaProjects\saucedemo-autotests-framework\build\downloads\1681133746279_37320_1
[Test worker] INFO com.codeborne.selenide.webdriver.SelenideNettyClientFactory - Changed readTimeout from PT3M to PT1M30S
Starting ChromeDriver 112.0.5615.49 (bd2a7bcb881c11e8cfe3078709382934e3916914-refs/branch-heads/5615@{#936}) on port 1520
Only local connections are allowed.
Please see https://chromedriver.chromium.org/security-considerations for suggestions on keeping ChromeDriver safe.
ChromeDriver was started successfully.
[Test worker] INFO com.codeborne.selenide.webdriver.SelenideNettyClientFactory - Changed readTimeout from PT3M to PT1M30S
[Test worker] INFO com.codeborne.selenide.webdriver.SelenideNettyClientFactory - Changed readTimeout from PT3M to PT1M30S
Apr 10, 2023 4:35:47 PM org.openqa.selenium.devtools.CdpVersionFinder findNearestMatch
WARNING: Unable to find an exact match for CDP version 112, so returning the closest version found: 110
[Test worker] INFO com.codeborne.selenide.webdriver.WebDriverFactory - BrowserName=chrome Version=112.0.5615.49 Platform=WINDOWS
[Test worker] INFO com.codeborne.selenide.webdriver.WebDriverFactory - Selenide v. 6.12.3
[Test worker] INFO com.codeborne.selenide.webdriver.WebDriverFactory - Selenium WebDriver v. 4.8.1 build revision: 8ebccac989
[Test worker] INFO com.codeborne.selenide.drivercommands.CreateDriverCommand - Created webdriver in thread 1: ChromeDriver -> ChromeDriver: chrome on WINDOWS (5f6ad94bcf2947857c8143757d84020a)
[Test worker] INFO com.codeborne.selenide.drivercommands.DisposablesRegistry - Register WebDriverInstance[config=StaticConfig,webDriver=ChromeDriver: chrome on WINDOWS (5f6ad94bcf2947857c8143757d84020a),proxy=null,downloadsFolder=C:\Users\Anton_Fedorenko2\IdeaProjects\saucedemo-autotests-framework\build\downloads\1681133746279_37320_1] in 1 [size=1]
[Test worker] INFO com.codeborne.selenide.impl.FileHelper - Deleted empty folder: C:\Users\Anton_Fedorenko2\IdeaProjects\saucedemo-autotests-framework\build\downloads\1681133746279_37320_1
[Test worker] INFO com.codeborne.selenide.drivercommands.CloseDriverCommand - Close webdriver: 1 -> ChromeDriver: chrome on WINDOWS (5f6ad94bcf2947857c8143757d84020a)...
[Test worker] INFO com.codeborne.selenide.drivercommands.CloseDriverCommand - Closed webdriver 1 in 681 ms
[Test worker] INFO com.codeborne.selenide.drivercommands.DisposablesRegistry - Unregister WebDriverInstance[config=StaticConfig,webDriver=ChromeDriver: chrome on WINDOWS (null),proxy=null,downloadsFolder=C:\Users\Anton_Fedorenko2\IdeaProjects\saucedemo-autotests-framework\build\downloads\1681133746279_37320_1] in 1 [size=0]
[Test worker] INFO com.codeborne.selenide.impl.WebDriverThreadLocalContainer - No webdriver is bound to current thread: 1 - let's create a new webdriver
[Test worker] INFO com.codeborne.selenide.impl.FileHelper - Creating folder: C:\Users\Anton_Fedorenko2\IdeaProjects\saucedemo-autotests-framework\build\downloads\1681133750249_37320_1
[Test worker] INFO com.codeborne.selenide.webdriver.SelenideNettyClientFactory - Changed readTimeout from PT3M to PT1M30S
Starting Microsoft Edge WebDriver 112.0.1722.34 (649b7446f96f116d8dc7d1c2d92d06583649e244) on port 39252
To submit feedback, report a bug, or suggest new features, please visit https://github.com/MicrosoftEdge/EdgeWebDriver

Only local connections are allowed.
Please see https://aka.ms/WebDriverSecurity for suggestions on keeping Microsoft Edge WebDriver safe.

Microsoft Edge WebDriver was started successfully.
[Test worker] INFO com.codeborne.selenide.webdriver.SelenideNettyClientFactory - Changed readTimeout from PT3M to PT1M30S
[Test worker] INFO com.codeborne.selenide.webdriver.SelenideNettyClientFactory - Changed readTimeout from PT3M to PT1M30S
Apr 10, 2023 4:35:51 PM org.openqa.selenium.devtools.CdpVersionFinder findNearestMatch
WARNING: Unable to find an exact match for CDP version 112, so returning the closest version found: 110
[Test worker] INFO com.codeborne.selenide.webdriver.WebDriverFactory - BrowserName=msedge Version=112.0.1722.34 Platform=WINDOWS
[Test worker] INFO com.codeborne.selenide.webdriver.WebDriverFactory - Selenide v. 6.12.3
[Test worker] INFO com.codeborne.selenide.webdriver.WebDriverFactory - Selenium WebDriver v. 4.8.1 build revision: 8ebccac989
[Test worker] INFO com.codeborne.selenide.drivercommands.CreateDriverCommand - Created webdriver in thread 1: EdgeDriver -> EdgeDriver: msedge on WINDOWS (1367def6cfc92b098f81c81ad759cd52)
[Test worker] INFO com.codeborne.selenide.drivercommands.DisposablesRegistry - Register WebDriverInstance[config=StaticConfig,webDriver=EdgeDriver: msedge on WINDOWS (1367def6cfc92b098f81c81ad759cd52),proxy=null,downloadsFolder=C:\Users\Anton_Fedorenko2\IdeaProjects\saucedemo-autotests-framework\build\downloads\1681133750249_37320_1] in 1 [size=1]
[Test worker] INFO com.codeborne.selenide.impl.FileHelper - Deleted empty folder: C:\Users\Anton_Fedorenko2\IdeaProjects\saucedemo-autotests-framework\build\downloads\1681133750249_37320_1
[Test worker] INFO com.codeborne.selenide.drivercommands.CloseDriverCommand - Close webdriver: 1 -> EdgeDriver: msedge on WINDOWS (1367def6cfc92b098f81c81ad759cd52)...
[Test worker] INFO com.codeborne.selenide.drivercommands.CloseDriverCommand - Closed webdriver 1 in 757 ms
[Test worker] INFO com.codeborne.selenide.drivercommands.DisposablesRegistry - Unregister WebDriverInstance[config=StaticConfig,webDriver=EdgeDriver: msedge on WINDOWS (null),proxy=null,downloadsFolder=C:\Users\Anton_Fedorenko2\IdeaProjects\saucedemo-autotests-framework\build\downloads\1681133750249_37320_1] in 1 [size=0]
[Test worker] INFO com.codeborne.selenide.impl.WebDriverThreadLocalContainer - No webdriver is bound to current thread: 1 - let's create a new webdriver
[Test worker] INFO com.codeborne.selenide.impl.FileHelper - Creating folder: C:\Users\Anton_Fedorenko2\IdeaProjects\saucedemo-autotests-framework\build\downloads\1681133754478_37320_1
[Test worker] INFO com.codeborne.selenide.webdriver.SelenideNettyClientFactory - Changed readTimeout from PT3M to PT1M30S
1681133754529	geckodriver	INFO	Listening on 127.0.0.1:29843
1681133754550	mozrunner::runner	INFO	Running command: "C:\\Program Files\\Mozilla Firefox\\firefox.exe" "--marionette" "--remote-debugging-port" "19636" "--remote-allow-hosts" "localhost" "--remote-allow-origins" "http://127.0.0.1:19636/,http://localhost:19636/,http://[::1]:19636/" "-no-remote" "-profile" "C:\\Users\\ANTON_~1\\AppData\\Local\\Temp\\rust_mozprofileMQpys2"
1681133754907	Marionette	INFO	Marionette enabled
Dynamically enable window occlusion 0
1681133754912	Marionette	INFO	Listening on port 53197
Read port: 53197
WebDriver BiDi listening on ws://127.0.0.1:19636
1681133755067	RemoteAgent	WARN	TLS certificate errors will be ignored for this session
console.warn: SearchSettings: "get: No settings file exists, new profile?" (new NotFoundError("Could not open the file at C:\\Users\\ANTON_~1\\AppData\\Local\\Temp\\rust_mozprofileMQpys2\\search.json.mozlz4", (void 0)))
DevTools listening on ws://127.0.0.1:19636/devtools/browser/e42238e1-a856-4e96-8ba5-9d8208a202aa
[Test worker] INFO com.codeborne.selenide.webdriver.SelenideNettyClientFactory - Changed readTimeout from PT3M to PT1M30S
[Test worker] INFO com.codeborne.selenide.webdriver.BrowserResizer - Set browser size to 1920x1080
[Test worker] INFO com.codeborne.selenide.webdriver.WebDriverFactory - BrowserName=firefox Version=109.0 Platform=WINDOWS
[Test worker] INFO com.codeborne.selenide.webdriver.WebDriverFactory - Selenide v. 6.12.3
[Test worker] INFO com.codeborne.selenide.webdriver.WebDriverFactory - Selenium WebDriver v. 4.8.1 build revision: 8ebccac989
[Test worker] INFO com.codeborne.selenide.drivercommands.CreateDriverCommand - Created webdriver in thread 1: FirefoxDriver -> FirefoxDriver: firefox on WINDOWS (3cd93661-46ed-4557-b7a4-c3b7917d4db8)
[Test worker] INFO com.codeborne.selenide.drivercommands.DisposablesRegistry - Register WebDriverInstance[config=StaticConfig,webDriver=FirefoxDriver: firefox on WINDOWS (3cd93661-46ed-4557-b7a4-c3b7917d4db8),proxy=null,downloadsFolder=C:\Users\Anton_Fedorenko2\IdeaProjects\saucedemo-autotests-framework\build\downloads\1681133754478_37320_1] in 1 [size=1]
console.warn: LoginRecipes: "Falling back to a synchronous message for: https://www.saucedemo.com."
console.warn: LoginRecipes: "Falling back to a synchronous message for: https://www.saucedemo.com."
[Test worker] INFO com.codeborne.selenide.impl.FileHelper - Deleted empty folder: C:\Users\Anton_Fedorenko2\IdeaProjects\saucedemo-autotests-framework\build\downloads\1681133754478_37320_1
[Test worker] INFO com.codeborne.selenide.drivercommands.CloseDriverCommand - Close webdriver: 1 -> FirefoxDriver: firefox on WINDOWS (3cd93661-46ed-4557-b7a4-c3b7917d4db8)...
[Test worker] INFO com.codeborne.selenide.webdriver.SelenideNettyClientFactory - Changed readTimeout from PT3M to PT1M30S
1681133760296	RemoteAgent	INFO	Perform WebSocket upgrade for incoming connection from 127.0.0.1:53225
1681133760299	CDP	ERROR	Invalid browser preferences for CDP. Set "fission.webContentIsolationStrategy"to 0 and "fission.bfcacheInParent" to false before Firefox starts.
1681133760303	Marionette	INFO	Stopped listening on port 53197
Dynamically enable window occlusion 1
[Test worker] INFO com.codeborne.selenide.drivercommands.CloseDriverCommand - Closed webdriver 1 in 810 ms
[Test worker] INFO com.codeborne.selenide.drivercommands.DisposablesRegistry - Unregister WebDriverInstance[config=StaticConfig,webDriver=FirefoxDriver: firefox on WINDOWS (null),proxy=null,downloadsFolder=C:\Users\Anton_Fedorenko2\IdeaProjects\saucedemo-autotests-framework\build\downloads\1681133754478_37320_1] in 1 [size=0]
[Test worker] INFO com.codeborne.selenide.impl.WebDriverThreadLocalContainer - No webdriver is bound to current thread: 1 - let's create a new webdriver
[Test worker] INFO com.codeborne.selenide.impl.FileHelper - Creating folder: C:\Users\Anton_Fedorenko2\IdeaProjects\saucedemo-autotests-framework\build\downloads\1681133761106_37320_1
[Test worker] INFO com.codeborne.selenide.webdriver.SelenideNettyClientFactory - Changed readTimeout from PT3M to PT1M30S
Starting ChromeDriver 112.0.5615.49 (bd2a7bcb881c11e8cfe3078709382934e3916914-refs/branch-heads/5615@{#936}) on port 31264
Only local connections are allowed.
Please see https://chromedriver.chromium.org/security-considerations for suggestions on keeping ChromeDriver safe.
ChromeDriver was started successfully.
[Test worker] INFO com.codeborne.selenide.webdriver.SelenideNettyClientFactory - Changed readTimeout from PT3M to PT1M30S
[Test worker] INFO com.codeborne.selenide.webdriver.SelenideNettyClientFactory - Changed readTimeout from PT3M to PT1M30S
Apr 10, 2023 4:36:02 PM org.openqa.selenium.devtools.CdpVersionFinder findNearestMatch
WARNING: Unable to find an exact match for CDP version 112, so returning the closest version found: 110
[Test worker] INFO com.codeborne.selenide.webdriver.WebDriverFactory - BrowserName=chrome Version=112.0.5615.49 Platform=WINDOWS
[Test worker] INFO com.codeborne.selenide.webdriver.WebDriverFactory - Selenide v. 6.12.3
[Test worker] INFO com.codeborne.selenide.webdriver.WebDriverFactory - Selenium WebDriver v. 4.8.1 build revision: 8ebccac989
[Test worker] INFO com.codeborne.selenide.drivercommands.CreateDriverCommand - Created webdriver in thread 1: ChromeDriver -> ChromeDriver: chrome on WINDOWS (e5f79b486dcd92a331514df4f062a801)
[Test worker] INFO com.codeborne.selenide.drivercommands.DisposablesRegistry - Register WebDriverInstance[config=StaticConfig,webDriver=ChromeDriver: chrome on WINDOWS (e5f79b486dcd92a331514df4f062a801),proxy=null,downloadsFolder=C:\Users\Anton_Fedorenko2\IdeaProjects\saucedemo-autotests-framework\build\downloads\1681133761106_37320_1] in 1 [size=1]
[Test worker] INFO com.codeborne.selenide.impl.FileHelper - Deleted empty folder: C:\Users\Anton_Fedorenko2\IdeaProjects\saucedemo-autotests-framework\build\downloads\1681133761106_37320_1
[Test worker] INFO com.codeborne.selenide.drivercommands.CloseDriverCommand - Close webdriver: 1 -> ChromeDriver: chrome on WINDOWS (e5f79b486dcd92a331514df4f062a801)...
[Test worker] INFO com.codeborne.selenide.drivercommands.CloseDriverCommand - Closed webdriver 1 in 678 ms
[Test worker] INFO com.codeborne.selenide.drivercommands.DisposablesRegistry - Unregister WebDriverInstance[config=StaticConfig,webDriver=ChromeDriver: chrome on WINDOWS (null),proxy=null,downloadsFolder=C:\Users\Anton_Fedorenko2\IdeaProjects\saucedemo-autotests-framework\build\downloads\1681133761106_37320_1] in 1 [size=0]
[Test worker] INFO com.codeborne.selenide.impl.WebDriverThreadLocalContainer - No webdriver is bound to current thread: 1 - let's create a new webdriver
[Test worker] INFO com.codeborne.selenide.impl.FileHelper - Creating folder: C:\Users\Anton_Fedorenko2\IdeaProjects\saucedemo-autotests-framework\build\downloads\1681133765201_37320_1
[Test worker] INFO com.codeborne.selenide.webdriver.SelenideNettyClientFactory - Changed readTimeout from PT3M to PT1M30S
Starting Microsoft Edge WebDriver 112.0.1722.34 (649b7446f96f116d8dc7d1c2d92d06583649e244) on port 3272
To submit feedback, report a bug, or suggest new features, please visit https://github.com/MicrosoftEdge/EdgeWebDriver

Only local connections are allowed.
Please see https://aka.ms/WebDriverSecurity for suggestions on keeping Microsoft Edge WebDriver safe.

Microsoft Edge WebDriver was started successfully.
[Test worker] INFO com.codeborne.selenide.webdriver.SelenideNettyClientFactory - Changed readTimeout from PT3M to PT1M30S
[Test worker] INFO com.codeborne.selenide.webdriver.SelenideNettyClientFactory - Changed readTimeout from PT3M to PT1M30S
Apr 10, 2023 4:36:06 PM org.openqa.selenium.devtools.CdpVersionFinder findNearestMatch
WARNING: Unable to find an exact match for CDP version 112, so returning the closest version found: 110
[Test worker] INFO com.codeborne.selenide.webdriver.WebDriverFactory - BrowserName=msedge Version=112.0.1722.34 Platform=WINDOWS
[Test worker] INFO com.codeborne.selenide.webdriver.WebDriverFactory - Selenide v. 6.12.3
[Test worker] INFO com.codeborne.selenide.webdriver.WebDriverFactory - Selenium WebDriver v. 4.8.1 build revision: 8ebccac989
[Test worker] INFO com.codeborne.selenide.drivercommands.CreateDriverCommand - Created webdriver in thread 1: EdgeDriver -> EdgeDriver: msedge on WINDOWS (6243b931bd55e1cff08337dbd7479498)
[Test worker] INFO com.codeborne.selenide.drivercommands.DisposablesRegistry - Register WebDriverInstance[config=StaticConfig,webDriver=EdgeDriver: msedge on WINDOWS (6243b931bd55e1cff08337dbd7479498),proxy=null,downloadsFolder=C:\Users\Anton_Fedorenko2\IdeaProjects\saucedemo-autotests-framework\build\downloads\1681133765201_37320_1] in 1 [size=1]
[Test worker] INFO com.codeborne.selenide.impl.FileHelper - Deleted empty folder: C:\Users\Anton_Fedorenko2\IdeaProjects\saucedemo-autotests-framework\build\downloads\1681133765201_37320_1
[Test worker] INFO com.codeborne.selenide.drivercommands.CloseDriverCommand - Close webdriver: 1 -> EdgeDriver: msedge on WINDOWS (6243b931bd55e1cff08337dbd7479498)...
[Test worker] INFO com.codeborne.selenide.drivercommands.CloseDriverCommand - Closed webdriver 1 in 714 ms
[Test worker] INFO com.codeborne.selenide.drivercommands.DisposablesRegistry - Unregister WebDriverInstance[config=StaticConfig,webDriver=EdgeDriver: msedge on WINDOWS (null),proxy=null,downloadsFolder=C:\Users\Anton_Fedorenko2\IdeaProjects\saucedemo-autotests-framework\build\downloads\1681133765201_37320_1] in 1 [size=0]
[Test worker] INFO com.codeborne.selenide.impl.WebDriverThreadLocalContainer - No webdriver is bound to current thread: 1 - let's create a new webdriver
[Test worker] INFO com.codeborne.selenide.impl.FileHelper - Creating folder: C:\Users\Anton_Fedorenko2\IdeaProjects\saucedemo-autotests-framework\build\downloads\1681133769370_37320_1
[Test worker] INFO com.codeborne.selenide.webdriver.SelenideNettyClientFactory - Changed readTimeout from PT3M to PT1M30S
1681133769422	geckodriver	INFO	Listening on 127.0.0.1:38524
1681133769447	mozrunner::runner	INFO	Running command: "C:\\Program Files\\Mozilla Firefox\\firefox.exe" "--marionette" "--remote-debugging-port" "48035" "--remote-allow-hosts" "localhost" "--remote-allow-origins" "http://127.0.0.1:48035/,http://localhost:48035/,http://[::1]:48035/" "-no-remote" "-profile" "C:\\Users\\ANTON_~1\\AppData\\Local\\Temp\\rust_mozprofile08UCFF"
1681133769802	Marionette	INFO	Marionette enabled
Dynamically enable window occlusion 0
1681133769808	Marionette	INFO	Listening on port 53283
Read port: 53283
WebDriver BiDi listening on ws://127.0.0.1:48035
1681133769986	RemoteAgent	WARN	TLS certificate errors will be ignored for this session
console.warn: SearchSettings: "get: No settings file exists, new profile?" (new NotFoundError("Could not open the file at C:\\Users\\ANTON_~1\\AppData\\Local\\Temp\\rust_mozprofile08UCFF\\search.json.mozlz4", (void 0)))
DevTools listening on ws://127.0.0.1:48035/devtools/browser/98c70e8f-ace6-4a3b-bfa2-cf0cd0c5e6e8
[Test worker] INFO com.codeborne.selenide.webdriver.SelenideNettyClientFactory - Changed readTimeout from PT3M to PT1M30S
[Test worker] INFO com.codeborne.selenide.webdriver.BrowserResizer - Set browser size to 1920x1080
[Test worker] INFO com.codeborne.selenide.webdriver.WebDriverFactory - BrowserName=firefox Version=109.0 Platform=WINDOWS
[Test worker] INFO com.codeborne.selenide.webdriver.WebDriverFactory - Selenide v. 6.12.3
[Test worker] INFO com.codeborne.selenide.webdriver.WebDriverFactory - Selenium WebDriver v. 4.8.1 build revision: 8ebccac989
[Test worker] INFO com.codeborne.selenide.drivercommands.CreateDriverCommand - Created webdriver in thread 1: FirefoxDriver -> FirefoxDriver: firefox on WINDOWS (a8377c16-16c8-444b-989d-9de906c5e419)
[Test worker] INFO com.codeborne.selenide.drivercommands.DisposablesRegistry - Register WebDriverInstance[config=StaticConfig,webDriver=FirefoxDriver: firefox on WINDOWS (a8377c16-16c8-444b-989d-9de906c5e419),proxy=null,downloadsFolder=C:\Users\Anton_Fedorenko2\IdeaProjects\saucedemo-autotests-framework\build\downloads\1681133769370_37320_1] in 1 [size=1]
console.warn: LoginRecipes: "Falling back to a synchronous message for: https://www.saucedemo.com."
console.warn: LoginRecipes: "Falling back to a synchronous message for: https://www.saucedemo.com."
[Test worker] INFO com.codeborne.selenide.impl.FileHelper - Deleted empty folder: C:\Users\Anton_Fedorenko2\IdeaProjects\saucedemo-autotests-framework\build\downloads\1681133769370_37320_1
[Test worker] INFO com.codeborne.selenide.drivercommands.CloseDriverCommand - Close webdriver: 1 -> FirefoxDriver: firefox on WINDOWS (a8377c16-16c8-444b-989d-9de906c5e419)...
[Test worker] INFO com.codeborne.selenide.webdriver.SelenideNettyClientFactory - Changed readTimeout from PT3M to PT1M30S
1681133775359	RemoteAgent	INFO	Perform WebSocket upgrade for incoming connection from 127.0.0.1:53314
1681133775361	CDP	ERROR	Invalid browser preferences for CDP. Set "fission.webContentIsolationStrategy"to 0 and "fission.bfcacheInParent" to false before Firefox starts.
1681133775365	Marionette	INFO	Stopped listening on port 53283
Dynamically enable window occlusion 1
[Test worker] INFO com.codeborne.selenide.drivercommands.CloseDriverCommand - Closed webdriver 1 in 851 ms
[Test worker] INFO com.codeborne.selenide.drivercommands.DisposablesRegistry - Unregister WebDriverInstance[config=StaticConfig,webDriver=FirefoxDriver: firefox on WINDOWS (null),proxy=null,downloadsFolder=C:\Users\Anton_Fedorenko2\IdeaProjects\saucedemo-autotests-framework\build\downloads\1681133769370_37320_1] in 1 [size=0]
[Test worker] INFO com.codeborne.selenide.impl.WebDriverThreadLocalContainer - No webdriver is bound to current thread: 1 - let's create a new webdriver
[Test worker] INFO com.codeborne.selenide.impl.FileHelper - Creating folder: C:\Users\Anton_Fedorenko2\IdeaProjects\saucedemo-autotests-framework\build\downloads\1681133776210_37320_1
[Test worker] INFO com.codeborne.selenide.webdriver.SelenideNettyClientFactory - Changed readTimeout from PT3M to PT1M30S
Starting ChromeDriver 112.0.5615.49 (bd2a7bcb881c11e8cfe3078709382934e3916914-refs/branch-heads/5615@{#936}) on port 44606
Only local connections are allowed.
Please see https://chromedriver.chromium.org/security-considerations for suggestions on keeping ChromeDriver safe.
ChromeDriver was started successfully.
[Test worker] INFO com.codeborne.selenide.webdriver.SelenideNettyClientFactory - Changed readTimeout from PT3M to PT1M30S
[Test worker] INFO com.codeborne.selenide.webdriver.SelenideNettyClientFactory - Changed readTimeout from PT3M to PT1M30S
Apr 10, 2023 4:36:17 PM org.openqa.selenium.devtools.CdpVersionFinder findNearestMatch
WARNING: Unable to find an exact match for CDP version 112, so returning the closest version found: 110
[Test worker] INFO com.codeborne.selenide.webdriver.WebDriverFactory - BrowserName=chrome Version=112.0.5615.49 Platform=WINDOWS
[Test worker] INFO com.codeborne.selenide.webdriver.WebDriverFactory - Selenide v. 6.12.3
[Test worker] INFO com.codeborne.selenide.webdriver.WebDriverFactory - Selenium WebDriver v. 4.8.1 build revision: 8ebccac989
[Test worker] INFO com.codeborne.selenide.drivercommands.CreateDriverCommand - Created webdriver in thread 1: ChromeDriver -> ChromeDriver: chrome on WINDOWS (757a8fb0c7313155a7207c854cdeac97)
[Test worker] INFO com.codeborne.selenide.drivercommands.DisposablesRegistry - Register WebDriverInstance[config=StaticConfig,webDriver=ChromeDriver: chrome on WINDOWS (757a8fb0c7313155a7207c854cdeac97),proxy=null,downloadsFolder=C:\Users\Anton_Fedorenko2\IdeaProjects\saucedemo-autotests-framework\build\downloads\1681133776210_37320_1] in 1 [size=1]
[Test worker] INFO com.codeborne.selenide.impl.FileHelper - Deleted empty folder: C:\Users\Anton_Fedorenko2\IdeaProjects\saucedemo-autotests-framework\build\downloads\1681133776210_37320_1
[Test worker] INFO com.codeborne.selenide.drivercommands.CloseDriverCommand - Close webdriver: 1 -> ChromeDriver: chrome on WINDOWS (757a8fb0c7313155a7207c854cdeac97)...
[Test worker] INFO com.codeborne.selenide.drivercommands.CloseDriverCommand - Closed webdriver 1 in 661 ms
[Test worker] INFO com.codeborne.selenide.drivercommands.DisposablesRegistry - Unregister WebDriverInstance[config=StaticConfig,webDriver=ChromeDriver: chrome on WINDOWS (null),proxy=null,downloadsFolder=C:\Users\Anton_Fedorenko2\IdeaProjects\saucedemo-autotests-framework\build\downloads\1681133776210_37320_1] in 1 [size=0]
[Test worker] INFO com.codeborne.selenide.impl.WebDriverThreadLocalContainer - No webdriver is bound to current thread: 1 - let's create a new webdriver
[Test worker] INFO com.codeborne.selenide.impl.FileHelper - Creating folder: C:\Users\Anton_Fedorenko2\IdeaProjects\saucedemo-autotests-framework\build\downloads\1681133780423_37320_1
[Test worker] INFO com.codeborne.selenide.webdriver.SelenideNettyClientFactory - Changed readTimeout from PT3M to PT1M30S
Starting Microsoft Edge WebDriver 112.0.1722.34 (649b7446f96f116d8dc7d1c2d92d06583649e244) on port 26722
To submit feedback, report a bug, or suggest new features, please visit https://github.com/MicrosoftEdge/EdgeWebDriver

Only local connections are allowed.
Please see https://aka.ms/WebDriverSecurity for suggestions on keeping Microsoft Edge WebDriver safe.

Microsoft Edge WebDriver was started successfully.
[Test worker] INFO com.codeborne.selenide.webdriver.SelenideNettyClientFactory - Changed readTimeout from PT3M to PT1M30S
[Test worker] INFO com.codeborne.selenide.webdriver.SelenideNettyClientFactory - Changed readTimeout from PT3M to PT1M30S
Apr 10, 2023 4:36:21 PM org.openqa.selenium.devtools.CdpVersionFinder findNearestMatch
WARNING: Unable to find an exact match for CDP version 112, so returning the closest version found: 110
[Test worker] INFO com.codeborne.selenide.webdriver.WebDriverFactory - BrowserName=msedge Version=112.0.1722.34 Platform=WINDOWS
[Test worker] INFO com.codeborne.selenide.webdriver.WebDriverFactory - Selenide v. 6.12.3
[Test worker] INFO com.codeborne.selenide.webdriver.WebDriverFactory - Selenium WebDriver v. 4.8.1 build revision: 8ebccac989
[Test worker] INFO com.codeborne.selenide.drivercommands.CreateDriverCommand - Created webdriver in thread 1: EdgeDriver -> EdgeDriver: msedge on WINDOWS (efede17fc7b4233336f23c351081c088)
[Test worker] INFO com.codeborne.selenide.drivercommands.DisposablesRegistry - Register WebDriverInstance[config=StaticConfig,webDriver=EdgeDriver: msedge on WINDOWS (efede17fc7b4233336f23c351081c088),proxy=null,downloadsFolder=C:\Users\Anton_Fedorenko2\IdeaProjects\saucedemo-autotests-framework\build\downloads\1681133780423_37320_1] in 1 [size=1]
[Test worker] INFO com.codeborne.selenide.impl.FileHelper - Deleted empty folder: C:\Users\Anton_Fedorenko2\IdeaProjects\saucedemo-autotests-framework\build\downloads\1681133780423_37320_1
[Test worker] INFO com.codeborne.selenide.drivercommands.CloseDriverCommand - Close webdriver: 1 -> EdgeDriver: msedge on WINDOWS (efede17fc7b4233336f23c351081c088)...
[Test worker] INFO com.codeborne.selenide.drivercommands.CloseDriverCommand - Closed webdriver 1 in 1144 ms
[Test worker] INFO com.codeborne.selenide.drivercommands.DisposablesRegistry - Unregister WebDriverInstance[config=StaticConfig,webDriver=EdgeDriver: msedge on WINDOWS (null),proxy=null,downloadsFolder=C:\Users\Anton_Fedorenko2\IdeaProjects\saucedemo-autotests-framework\build\downloads\1681133780423_37320_1] in 1 [size=0]
[Test worker] INFO com.codeborne.selenide.impl.WebDriverThreadLocalContainer - No webdriver is bound to current thread: 1 - let's create a new webdriver
[Test worker] INFO com.codeborne.selenide.impl.FileHelper - Creating folder: C:\Users\Anton_Fedorenko2\IdeaProjects\saucedemo-autotests-framework\build\downloads\1681133785440_37320_1
[Test worker] INFO com.codeborne.selenide.webdriver.SelenideNettyClientFactory - Changed readTimeout from PT3M to PT1M30S
1681133785497	geckodriver	INFO	Listening on 127.0.0.1:12614
1681133785512	mozrunner::runner	INFO	Running command: "C:\\Program Files\\Mozilla Firefox\\firefox.exe" "--marionette" "--remote-debugging-port" "3189" "--remote-allow-hosts" "localhost" "--remote-allow-origins" "http://127.0.0.1:3189/,http://localhost:3189/,http://[::1]:3189/" "-no-remote" "-profile" "C:\\Users\\ANTON_~1\\AppData\\Local\\Temp\\rust_mozprofileGk2U8a"
1681133785863	Marionette	INFO	Marionette enabled
Dynamically enable window occlusion 0
1681133785869	Marionette	INFO	Listening on port 53371
Read port: 53371
WebDriver BiDi listening on ws://127.0.0.1:3189
1681133786034	RemoteAgent	WARN	TLS certificate errors will be ignored for this session
console.warn: SearchSettings: "get: No settings file exists, new profile?" (new NotFoundError("Could not open the file at C:\\Users\\ANTON_~1\\AppData\\Local\\Temp\\rust_mozprofileGk2U8a\\search.json.mozlz4", (void 0)))
DevTools listening on ws://127.0.0.1:3189/devtools/browser/4e600768-82dc-4116-bc69-b47aad3fe093
[Test worker] INFO com.codeborne.selenide.webdriver.SelenideNettyClientFactory - Changed readTimeout from PT3M to PT1M30S
[Test worker] INFO com.codeborne.selenide.webdriver.BrowserResizer - Set browser size to 1920x1080
[Test worker] INFO com.codeborne.selenide.webdriver.WebDriverFactory - BrowserName=firefox Version=109.0 Platform=WINDOWS
[Test worker] INFO com.codeborne.selenide.webdriver.WebDriverFactory - Selenide v. 6.12.3
[Test worker] INFO com.codeborne.selenide.webdriver.WebDriverFactory - Selenium WebDriver v. 4.8.1 build revision: 8ebccac989
[Test worker] INFO com.codeborne.selenide.drivercommands.CreateDriverCommand - Created webdriver in thread 1: FirefoxDriver -> FirefoxDriver: firefox on WINDOWS (5b5334e8-4b2c-4139-8905-1cf9d5f115c2)
[Test worker] INFO com.codeborne.selenide.drivercommands.DisposablesRegistry - Register WebDriverInstance[config=StaticConfig,webDriver=FirefoxDriver: firefox on WINDOWS (5b5334e8-4b2c-4139-8905-1cf9d5f115c2),proxy=null,downloadsFolder=C:\Users\Anton_Fedorenko2\IdeaProjects\saucedemo-autotests-framework\build\downloads\1681133785440_37320_1] in 1 [size=1]
console.warn: LoginRecipes: "Falling back to a synchronous message for: https://www.saucedemo.com."
console.warn: LoginRecipes: "Falling back to a synchronous message for: https://www.saucedemo.com."
[Test worker] INFO com.codeborne.selenide.impl.FileHelper - Deleted empty folder: C:\Users\Anton_Fedorenko2\IdeaProjects\saucedemo-autotests-framework\build\downloads\1681133785440_37320_1
[Test worker] INFO com.codeborne.selenide.drivercommands.CloseDriverCommand - Close webdriver: 1 -> FirefoxDriver: firefox on WINDOWS (5b5334e8-4b2c-4139-8905-1cf9d5f115c2)...
[Test worker] INFO com.codeborne.selenide.webdriver.SelenideNettyClientFactory - Changed readTimeout from PT3M to PT1M30S
1681133791434	RemoteAgent	INFO	Perform WebSocket upgrade for incoming connection from 127.0.0.1:53400
1681133791436	CDP	ERROR	Invalid browser preferences for CDP. Set "fission.webContentIsolationStrategy"to 0 and "fission.bfcacheInParent" to false before Firefox starts.
1681133791440	Marionette	INFO	Stopped listening on port 53371
Dynamically enable window occlusion 1
[Test worker] INFO com.codeborne.selenide.drivercommands.CloseDriverCommand - Closed webdriver 1 in 810 ms
[Test worker] INFO com.codeborne.selenide.drivercommands.DisposablesRegistry - Unregister WebDriverInstance[config=StaticConfig,webDriver=FirefoxDriver: firefox on WINDOWS (null),proxy=null,downloadsFolder=C:\Users\Anton_Fedorenko2\IdeaProjects\saucedemo-autotests-framework\build\downloads\1681133785440_37320_1] in 1 [size=0]
[Test worker] INFO com.codeborne.selenide.impl.WebDriverThreadLocalContainer - No webdriver is bound to current thread: 1 - let's create a new webdriver
[Test worker] INFO com.codeborne.selenide.impl.FileHelper - Creating folder: C:\Users\Anton_Fedorenko2\IdeaProjects\saucedemo-autotests-framework\build\downloads\1681133792242_37320_1
[Test worker] INFO com.codeborne.selenide.webdriver.SelenideNettyClientFactory - Changed readTimeout from PT3M to PT1M30S
Starting ChromeDriver 112.0.5615.49 (bd2a7bcb881c11e8cfe3078709382934e3916914-refs/branch-heads/5615@{#936}) on port 14214
Only local connections are allowed.
Please see https://chromedriver.chromium.org/security-considerations for suggestions on keeping ChromeDriver safe.
ChromeDriver was started successfully.
[Test worker] INFO com.codeborne.selenide.webdriver.SelenideNettyClientFactory - Changed readTimeout from PT3M to PT1M30S
[Test worker] INFO com.codeborne.selenide.webdriver.SelenideNettyClientFactory - Changed readTimeout from PT3M to PT1M30S
Apr 10, 2023 4:36:33 PM org.openqa.selenium.devtools.CdpVersionFinder findNearestMatch
WARNING: Unable to find an exact match for CDP version 112, so returning the closest version found: 110
[Test worker] INFO com.codeborne.selenide.webdriver.WebDriverFactory - BrowserName=chrome Version=112.0.5615.49 Platform=WINDOWS
[Test worker] INFO com.codeborne.selenide.webdriver.WebDriverFactory - Selenide v. 6.12.3
[Test worker] INFO com.codeborne.selenide.webdriver.WebDriverFactory - Selenium WebDriver v. 4.8.1 build revision: 8ebccac989
[Test worker] INFO com.codeborne.selenide.drivercommands.CreateDriverCommand - Created webdriver in thread 1: ChromeDriver -> ChromeDriver: chrome on WINDOWS (48692334c48ac1ea3ebe891d9b83df6d)
[Test worker] INFO com.codeborne.selenide.drivercommands.DisposablesRegistry - Register WebDriverInstance[config=StaticConfig,webDriver=ChromeDriver: chrome on WINDOWS (48692334c48ac1ea3ebe891d9b83df6d),proxy=null,downloadsFolder=C:\Users\Anton_Fedorenko2\IdeaProjects\saucedemo-autotests-framework\build\downloads\1681133792242_37320_1] in 1 [size=1]
[Test worker] INFO com.codeborne.selenide.impl.FileHelper - Deleted empty folder: C:\Users\Anton_Fedorenko2\IdeaProjects\saucedemo-autotests-framework\build\downloads\1681133792242_37320_1
[Test worker] INFO com.codeborne.selenide.drivercommands.CloseDriverCommand - Close webdriver: 1 -> ChromeDriver: chrome on WINDOWS (48692334c48ac1ea3ebe891d9b83df6d)...
[Test worker] INFO com.codeborne.selenide.drivercommands.CloseDriverCommand - Closed webdriver 1 in 682 ms
[Test worker] INFO com.codeborne.selenide.drivercommands.DisposablesRegistry - Unregister WebDriverInstance[config=StaticConfig,webDriver=ChromeDriver: chrome on WINDOWS (null),proxy=null,downloadsFolder=C:\Users\Anton_Fedorenko2\IdeaProjects\saucedemo-autotests-framework\build\downloads\1681133792242_37320_1] in 1 [size=0]
[Test worker] INFO com.codeborne.selenide.impl.WebDriverThreadLocalContainer - No webdriver is bound to current thread: 1 - let's create a new webdriver
[Test worker] INFO com.codeborne.selenide.impl.FileHelper - Creating folder: C:\Users\Anton_Fedorenko2\IdeaProjects\saucedemo-autotests-framework\build\downloads\1681133796254_37320_1
[Test worker] INFO com.codeborne.selenide.webdriver.SelenideNettyClientFactory - Changed readTimeout from PT3M to PT1M30S
Starting Microsoft Edge WebDriver 112.0.1722.34 (649b7446f96f116d8dc7d1c2d92d06583649e244) on port 14044
To submit feedback, report a bug, or suggest new features, please visit https://github.com/MicrosoftEdge/EdgeWebDriver

Only local connections are allowed.
Please see https://aka.ms/WebDriverSecurity for suggestions on keeping Microsoft Edge WebDriver safe.

Microsoft Edge WebDriver was started successfully.
[Test worker] INFO com.codeborne.selenide.webdriver.SelenideNettyClientFactory - Changed readTimeout from PT3M to PT1M30S
[Test worker] INFO com.codeborne.selenide.webdriver.SelenideNettyClientFactory - Changed readTimeout from PT3M to PT1M30S
Apr 10, 2023 4:36:37 PM org.openqa.selenium.devtools.CdpVersionFinder findNearestMatch
WARNING: Unable to find an exact match for CDP version 112, so returning the closest version found: 110
[Test worker] INFO com.codeborne.selenide.webdriver.WebDriverFactory - BrowserName=msedge Version=112.0.1722.34 Platform=WINDOWS
[Test worker] INFO com.codeborne.selenide.webdriver.WebDriverFactory - Selenide v. 6.12.3
[Test worker] INFO com.codeborne.selenide.webdriver.WebDriverFactory - Selenium WebDriver v. 4.8.1 build revision: 8ebccac989
[Test worker] INFO com.codeborne.selenide.drivercommands.CreateDriverCommand - Created webdriver in thread 1: EdgeDriver -> EdgeDriver: msedge on WINDOWS (849f9cea2dca61e77283d6b8f8fdbd23)
[Test worker] INFO com.codeborne.selenide.drivercommands.DisposablesRegistry - Register WebDriverInstance[config=StaticConfig,webDriver=EdgeDriver: msedge on WINDOWS (849f9cea2dca61e77283d6b8f8fdbd23),proxy=null,downloadsFolder=C:\Users\Anton_Fedorenko2\IdeaProjects\saucedemo-autotests-framework\build\downloads\1681133796254_37320_1] in 1 [size=1]
[Test worker] INFO com.codeborne.selenide.impl.FileHelper - Deleted empty folder: C:\Users\Anton_Fedorenko2\IdeaProjects\saucedemo-autotests-framework\build\downloads\1681133796254_37320_1
[Test worker] INFO com.codeborne.selenide.drivercommands.CloseDriverCommand - Close webdriver: 1 -> EdgeDriver: msedge on WINDOWS (849f9cea2dca61e77283d6b8f8fdbd23)...
[Test worker] INFO com.codeborne.selenide.drivercommands.CloseDriverCommand - Closed webdriver 1 in 739 ms
[Test worker] INFO com.codeborne.selenide.drivercommands.DisposablesRegistry - Unregister WebDriverInstance[config=StaticConfig,webDriver=EdgeDriver: msedge on WINDOWS (null),proxy=null,downloadsFolder=C:\Users\Anton_Fedorenko2\IdeaProjects\saucedemo-autotests-framework\build\downloads\1681133796254_37320_1] in 1 [size=0]
[Test worker] INFO com.codeborne.selenide.impl.WebDriverThreadLocalContainer - No webdriver is bound to current thread: 1 - let's create a new webdriver
[Test worker] INFO com.codeborne.selenide.impl.FileHelper - Creating folder: C:\Users\Anton_Fedorenko2\IdeaProjects\saucedemo-autotests-framework\build\downloads\1681133800672_37320_1
[Test worker] INFO com.codeborne.selenide.webdriver.SelenideNettyClientFactory - Changed readTimeout from PT3M to PT1M30S
1681133800729	geckodriver	INFO	Listening on 127.0.0.1:10622
1681133800743	mozrunner::runner	INFO	Running command: "C:\\Program Files\\Mozilla Firefox\\firefox.exe" "--marionette" "--remote-debugging-port" "24038" "--remote-allow-hosts" "localhost" "--remote-allow-origins" "http://127.0.0.1:24038/,http://localhost:24038/,http://[::1]:24038/" "-no-remote" "-profile" "C:\\Users\\ANTON_~1\\AppData\\Local\\Temp\\rust_mozprofilenIM4Ed"
1681133801131	Marionette	INFO	Marionette enabled
Dynamically enable window occlusion 0
1681133801137	Marionette	INFO	Listening on port 53459
Read port: 53459
WebDriver BiDi listening on ws://127.0.0.1:24038
1681133801290	RemoteAgent	WARN	TLS certificate errors will be ignored for this session
console.warn: SearchSettings: "get: No settings file exists, new profile?" (new NotFoundError("Could not open the file at C:\\Users\\ANTON_~1\\AppData\\Local\\Temp\\rust_mozprofilenIM4Ed\\search.json.mozlz4", (void 0)))
DevTools listening on ws://127.0.0.1:24038/devtools/browser/7f4f385b-c050-488c-8131-b8412a1d76d5
[Test worker] INFO com.codeborne.selenide.webdriver.SelenideNettyClientFactory - Changed readTimeout from PT3M to PT1M30S
[Test worker] INFO com.codeborne.selenide.webdriver.BrowserResizer - Set browser size to 1920x1080
[Test worker] INFO com.codeborne.selenide.webdriver.WebDriverFactory - BrowserName=firefox Version=109.0 Platform=WINDOWS
[Test worker] INFO com.codeborne.selenide.webdriver.WebDriverFactory - Selenide v. 6.12.3
[Test worker] INFO com.codeborne.selenide.webdriver.WebDriverFactory - Selenium WebDriver v. 4.8.1 build revision: 8ebccac989
[Test worker] INFO com.codeborne.selenide.drivercommands.CreateDriverCommand - Created webdriver in thread 1: FirefoxDriver -> FirefoxDriver: firefox on WINDOWS (e4d51d7b-069f-4642-8172-a424f82f7fdf)
[Test worker] INFO com.codeborne.selenide.drivercommands.DisposablesRegistry - Register WebDriverInstance[config=StaticConfig,webDriver=FirefoxDriver: firefox on WINDOWS (e4d51d7b-069f-4642-8172-a424f82f7fdf),proxy=null,downloadsFolder=C:\Users\Anton_Fedorenko2\IdeaProjects\saucedemo-autotests-framework\build\downloads\1681133800672_37320_1] in 1 [size=1]
console.warn: LoginRecipes: "Falling back to a synchronous message for: https://www.saucedemo.com."
console.warn: LoginRecipes: "Falling back to a synchronous message for: https://www.saucedemo.com."
[Test worker] INFO com.codeborne.selenide.impl.FileHelper - Deleted empty folder: C:\Users\Anton_Fedorenko2\IdeaProjects\saucedemo-autotests-framework\build\downloads\1681133800672_37320_1
[Test worker] INFO com.codeborne.selenide.drivercommands.CloseDriverCommand - Close webdriver: 1 -> FirefoxDriver: firefox on WINDOWS (e4d51d7b-069f-4642-8172-a424f82f7fdf)...
[Test worker] INFO com.codeborne.selenide.webdriver.SelenideNettyClientFactory - Changed readTimeout from PT3M to PT1M30S
1681133806102	RemoteAgent	INFO	Perform WebSocket upgrade for incoming connection from 127.0.0.1:53489
1681133806105	CDP	ERROR	Invalid browser preferences for CDP. Set "fission.webContentIsolationStrategy"to 0 and "fission.bfcacheInParent" to false before Firefox starts.
1681133806108	Marionette	INFO	Stopped listening on port 53459
Dynamically enable window occlusion 1
[Test worker] INFO com.codeborne.selenide.drivercommands.CloseDriverCommand - Closed webdriver 1 in 840 ms
[Test worker] INFO com.codeborne.selenide.drivercommands.DisposablesRegistry - Unregister WebDriverInstance[config=StaticConfig,webDriver=FirefoxDriver: firefox on WINDOWS (null),proxy=null,downloadsFolder=C:\Users\Anton_Fedorenko2\IdeaProjects\saucedemo-autotests-framework\build\downloads\1681133800672_37320_1] in 1 [size=0]
[Test worker] INFO com.codeborne.selenide.impl.WebDriverThreadLocalContainer - No webdriver is bound to current thread: 1 - let's create a new webdriver
[Test worker] INFO com.codeborne.selenide.impl.FileHelper - Creating folder: C:\Users\Anton_Fedorenko2\IdeaProjects\saucedemo-autotests-framework\build\downloads\1681133806939_37320_1
[Test worker] INFO com.codeborne.selenide.webdriver.SelenideNettyClientFactory - Changed readTimeout from PT3M to PT1M30S
Starting ChromeDriver 112.0.5615.49 (bd2a7bcb881c11e8cfe3078709382934e3916914-refs/branch-heads/5615@{#936}) on port 11677
Only local connections are allowed.
Please see https://chromedriver.chromium.org/security-considerations for suggestions on keeping ChromeDriver safe.
ChromeDriver was started successfully.
[Test worker] INFO com.codeborne.selenide.webdriver.SelenideNettyClientFactory - Changed readTimeout from PT3M to PT1M30S
[Test worker] INFO com.codeborne.selenide.webdriver.SelenideNettyClientFactory - Changed readTimeout from PT3M to PT1M30S
Apr 10, 2023 4:36:48 PM org.openqa.selenium.devtools.CdpVersionFinder findNearestMatch
WARNING: Unable to find an exact match for CDP version 112, so returning the closest version found: 110
[Test worker] INFO com.codeborne.selenide.webdriver.WebDriverFactory - BrowserName=chrome Version=112.0.5615.49 Platform=WINDOWS
[Test worker] INFO com.codeborne.selenide.webdriver.WebDriverFactory - Selenide v. 6.12.3
[Test worker] INFO com.codeborne.selenide.webdriver.WebDriverFactory - Selenium WebDriver v. 4.8.1 build revision: 8ebccac989
[Test worker] INFO com.codeborne.selenide.drivercommands.CreateDriverCommand - Created webdriver in thread 1: ChromeDriver -> ChromeDriver: chrome on WINDOWS (430bb10438ad107e37ce0ac78edc46da)
[Test worker] INFO com.codeborne.selenide.drivercommands.DisposablesRegistry - Register WebDriverInstance[config=StaticConfig,webDriver=ChromeDriver: chrome on WINDOWS (430bb10438ad107e37ce0ac78edc46da),proxy=null,downloadsFolder=C:\Users\Anton_Fedorenko2\IdeaProjects\saucedemo-autotests-framework\build\downloads\1681133806939_37320_1] in 1 [size=1]
[Test worker] INFO com.codeborne.selenide.impl.FileHelper - Deleted empty folder: C:\Users\Anton_Fedorenko2\IdeaProjects\saucedemo-autotests-framework\build\downloads\1681133806939_37320_1
[Test worker] INFO com.codeborne.selenide.drivercommands.CloseDriverCommand - Close webdriver: 1 -> ChromeDriver: chrome on WINDOWS (430bb10438ad107e37ce0ac78edc46da)...
[Test worker] INFO com.codeborne.selenide.drivercommands.CloseDriverCommand - Closed webdriver 1 in 674 ms
[Test worker] INFO com.codeborne.selenide.drivercommands.DisposablesRegistry - Unregister WebDriverInstance[config=StaticConfig,webDriver=ChromeDriver: chrome on WINDOWS (null),proxy=null,downloadsFolder=C:\Users\Anton_Fedorenko2\IdeaProjects\saucedemo-autotests-framework\build\downloads\1681133806939_37320_1] in 1 [size=0]
[Test worker] INFO com.codeborne.selenide.impl.WebDriverThreadLocalContainer - No webdriver is bound to current thread: 1 - let's create a new webdriver
[Test worker] INFO com.codeborne.selenide.impl.FileHelper - Creating folder: C:\Users\Anton_Fedorenko2\IdeaProjects\saucedemo-autotests-framework\build\downloads\1681133810803_37320_1
[Test worker] INFO com.codeborne.selenide.webdriver.SelenideNettyClientFactory - Changed readTimeout from PT3M to PT1M30S
Starting Microsoft Edge WebDriver 112.0.1722.34 (649b7446f96f116d8dc7d1c2d92d06583649e244) on port 26566
To submit feedback, report a bug, or suggest new features, please visit https://github.com/MicrosoftEdge/EdgeWebDriver

Only local connections are allowed.
Please see https://aka.ms/WebDriverSecurity for suggestions on keeping Microsoft Edge WebDriver safe.

Microsoft Edge WebDriver was started successfully.
[Test worker] INFO com.codeborne.selenide.webdriver.SelenideNettyClientFactory - Changed readTimeout from PT3M to PT1M30S
[Test worker] INFO com.codeborne.selenide.webdriver.SelenideNettyClientFactory - Changed readTimeout from PT3M to PT1M30S
Apr 10, 2023 4:36:52 PM org.openqa.selenium.devtools.CdpVersionFinder findNearestMatch
WARNING: Unable to find an exact match for CDP version 112, so returning the closest version found: 110
[Test worker] INFO com.codeborne.selenide.webdriver.WebDriverFactory - BrowserName=msedge Version=112.0.1722.34 Platform=WINDOWS
[Test worker] INFO com.codeborne.selenide.webdriver.WebDriverFactory - Selenide v. 6.12.3
[Test worker] INFO com.codeborne.selenide.webdriver.WebDriverFactory - Selenium WebDriver v. 4.8.1 build revision: 8ebccac989
[Test worker] INFO com.codeborne.selenide.drivercommands.CreateDriverCommand - Created webdriver in thread 1: EdgeDriver -> EdgeDriver: msedge on WINDOWS (550f4ab4c97c21c429e05460f575fadd)
[Test worker] INFO com.codeborne.selenide.drivercommands.DisposablesRegistry - Register WebDriverInstance[config=StaticConfig,webDriver=EdgeDriver: msedge on WINDOWS (550f4ab4c97c21c429e05460f575fadd),proxy=null,downloadsFolder=C:\Users\Anton_Fedorenko2\IdeaProjects\saucedemo-autotests-framework\build\downloads\1681133810803_37320_1] in 1 [size=1]
[Test worker] INFO com.codeborne.selenide.impl.FileHelper - Deleted empty folder: C:\Users\Anton_Fedorenko2\IdeaProjects\saucedemo-autotests-framework\build\downloads\1681133810803_37320_1
[Test worker] INFO com.codeborne.selenide.drivercommands.CloseDriverCommand - Close webdriver: 1 -> EdgeDriver: msedge on WINDOWS (550f4ab4c97c21c429e05460f575fadd)...
[Test worker] INFO com.codeborne.selenide.drivercommands.CloseDriverCommand - Closed webdriver 1 in 758 ms
[Test worker] INFO com.codeborne.selenide.drivercommands.DisposablesRegistry - Unregister WebDriverInstance[config=StaticConfig,webDriver=EdgeDriver: msedge on WINDOWS (null),proxy=null,downloadsFolder=C:\Users\Anton_Fedorenko2\IdeaProjects\saucedemo-autotests-framework\build\downloads\1681133810803_37320_1] in 1 [size=0]
[Test worker] INFO com.codeborne.selenide.impl.WebDriverThreadLocalContainer - No webdriver is bound to current thread: 1 - let's create a new webdriver
[Test worker] INFO com.codeborne.selenide.impl.FileHelper - Creating folder: C:\Users\Anton_Fedorenko2\IdeaProjects\saucedemo-autotests-framework\build\downloads\1681133815085_37320_1
[Test worker] INFO com.codeborne.selenide.webdriver.SelenideNettyClientFactory - Changed readTimeout from PT3M to PT1M30S
1681133815136	geckodriver	INFO	Listening on 127.0.0.1:7818
1681133815177	mozrunner::runner	INFO	Running command: "C:\\Program Files\\Mozilla Firefox\\firefox.exe" "--marionette" "--remote-debugging-port" "47149" "--remote-allow-hosts" "localhost" "--remote-allow-origins" "http://127.0.0.1:47149/,http://localhost:47149/,http://[::1]:47149/" "-no-remote" "-profile" "C:\\Users\\ANTON_~1\\AppData\\Local\\Temp\\rust_mozprofileAC1w6t"
1681133815599	Marionette	INFO	Marionette enabled
Dynamically enable window occlusion 0
1681133815604	Marionette	INFO	Listening on port 53546
Read port: 53546
WebDriver BiDi listening on ws://127.0.0.1:47149
1681133815748	RemoteAgent	WARN	TLS certificate errors will be ignored for this session
console.warn: SearchSettings: "get: No settings file exists, new profile?" (new NotFoundError("Could not open the file at C:\\Users\\ANTON_~1\\AppData\\Local\\Temp\\rust_mozprofileAC1w6t\\search.json.mozlz4", (void 0)))
DevTools listening on ws://127.0.0.1:47149/devtools/browser/b7d7be0f-5753-4456-9d21-1bfeb5dc167a
[Test worker] INFO com.codeborne.selenide.webdriver.SelenideNettyClientFactory - Changed readTimeout from PT3M to PT1M30S
[Test worker] INFO com.codeborne.selenide.webdriver.BrowserResizer - Set browser size to 1920x1080
[Test worker] INFO com.codeborne.selenide.webdriver.WebDriverFactory - BrowserName=firefox Version=109.0 Platform=WINDOWS
[Test worker] INFO com.codeborne.selenide.webdriver.WebDriverFactory - Selenide v. 6.12.3
[Test worker] INFO com.codeborne.selenide.webdriver.WebDriverFactory - Selenium WebDriver v. 4.8.1 build revision: 8ebccac989
[Test worker] INFO com.codeborne.selenide.drivercommands.CreateDriverCommand - Created webdriver in thread 1: FirefoxDriver -> FirefoxDriver: firefox on WINDOWS (4399c1cf-9343-43f9-8876-1845d1df6243)
[Test worker] INFO com.codeborne.selenide.drivercommands.DisposablesRegistry - Register WebDriverInstance[config=StaticConfig,webDriver=FirefoxDriver: firefox on WINDOWS (4399c1cf-9343-43f9-8876-1845d1df6243),proxy=null,downloadsFolder=C:\Users\Anton_Fedorenko2\IdeaProjects\saucedemo-autotests-framework\build\downloads\1681133815085_37320_1] in 1 [size=1]
console.warn: LoginRecipes: "Falling back to a synchronous message for: https://www.saucedemo.com."
console.warn: LoginRecipes: "Falling back to a synchronous message for: https://www.saucedemo.com."
[Test worker] INFO com.codeborne.selenide.impl.FileHelper - Deleted empty folder: C:\Users\Anton_Fedorenko2\IdeaProjects\saucedemo-autotests-framework\build\downloads\1681133815085_37320_1
[Test worker] INFO com.codeborne.selenide.drivercommands.CloseDriverCommand - Close webdriver: 1 -> FirefoxDriver: firefox on WINDOWS (4399c1cf-9343-43f9-8876-1845d1df6243)...
[Test worker] INFO com.codeborne.selenide.webdriver.SelenideNettyClientFactory - Changed readTimeout from PT3M to PT1M30S
1681133820616	RemoteAgent	INFO	Perform WebSocket upgrade for incoming connection from 127.0.0.1:53574
1681133820619	CDP	ERROR	Invalid browser preferences for CDP. Set "fission.webContentIsolationStrategy"to 0 and "fission.bfcacheInParent" to false before Firefox starts.
1681133820622	Marionette	INFO	Stopped listening on port 53546
Dynamically enable window occlusion 1
[Test worker] INFO com.codeborne.selenide.drivercommands.CloseDriverCommand - Closed webdriver 1 in 811 ms
[Test worker] INFO com.codeborne.selenide.drivercommands.DisposablesRegistry - Unregister WebDriverInstance[config=StaticConfig,webDriver=FirefoxDriver: firefox on WINDOWS (null),proxy=null,downloadsFolder=C:\Users\Anton_Fedorenko2\IdeaProjects\saucedemo-autotests-framework\build\downloads\1681133815085_37320_1] in 1 [size=0]
?[32m?[1m??????????????????????????????????????????????????????????????????????????????????????[0m
?[32m?[1m??[0m Share your Cucumber Report with your team at ?[36m?[1m?[4mhttps://reports.cucumber.io?[0m          ?[32m?[1m??[0m
?[32m?[1m??[0m Activate publishing with one of the following:                                    ?[32m?[1m??[0m
?[32m?[1m??[0m                                                                                   ?[32m?[1m??[0m
?[32m?[1m??[0m src/test/resources/cucumber.properties:          ?[36mcucumber.publish.enabled?[0m=?[36mtrue?[0m    ?[32m?[1m??[0m
?[32m?[1m??[0m src/test/resources/junit-platform.properties:    ?[36mcucumber.publish.enabled?[0m=?[36mtrue?[0m    ?[32m?[1m??[0m
?[32m?[1m??[0m Environment variable:                            ?[36mCUCUMBER_PUBLISH_ENABLED?[0m=?[36mtrue?[0m    ?[32m?[1m??[0m
?[32m?[1m??[0m JUnit:                                           ?[36m@CucumberOptions?[0m(publish = ?[36mtrue?[0m) ?[32m?[1m??[0m
?[32m?[1m??[0m                                                                                   ?[32m?[1m??[0m
?[32m?[1m??[0m More information at ?[36mhttps://cucumber.io/docs/cucumber/environment-variables/?[0m      ?[32m?[1m??[0m
?[32m?[1m??[0m                                                                                   ?[32m?[1m??[0m
?[32m?[1m??[0m Disable this message with one of the following:                                   ?[32m?[1m??[0m
?[32m?[1m??[0m                                                                                   ?[32m?[1m??[0m
?[32m?[1m??[0m src/test/resources/cucumber.properties:          ?[36mcucumber.publish.quiet?[0m=?[36mtrue?[0m      ?[32m?[1m??[0m
?[32m?[1m??[0m src/test/resources/junit-platform.properties:    ?[36mcucumber.publish.quiet?[0m=?[36mtrue?[0m      ?[32m?[1m??[0m
?[32m?[1m??????????????????????????????????????????????????????????????????????????????????????[0m
]]></system-err>
</testsuite>
